{
  "/Users/gabrielguinterherter/Projects/combate-app/combate-app/CombateApp/src/internal/cmd/formvalidator/form-validator.ts": {
    "path": "/Users/gabrielguinterherter/Projects/combate-app/combate-app/CombateApp/src/internal/cmd/formvalidator/form-validator.ts",
    "all": false,
    "statementMap": {
      "0": {
        "start": { "line": 1, "column": 0 },
        "end": { "line": 1, "column": 48 }
      },
      "1": {
        "start": { "line": 2, "column": 0 },
        "end": { "line": 2, "column": 54 }
      },
      "2": {
        "start": { "line": 3, "column": 0 },
        "end": { "line": 3, "column": 54 }
      },
      "3": {
        "start": { "line": 4, "column": 0 },
        "end": { "line": 4, "column": 71 }
      },
      "4": {
        "start": { "line": 5, "column": 0 },
        "end": { "line": 5, "column": 87 }
      },
      "5": {
        "start": { "line": 6, "column": 0 },
        "end": { "line": 6, "column": 84 }
      },
      "6": {
        "start": { "line": 7, "column": 0 },
        "end": { "line": 7, "column": 70 }
      },
      "7": {
        "start": { "line": 8, "column": 0 },
        "end": { "line": 8, "column": 0 }
      },
      "8": {
        "start": { "line": 9, "column": 0 },
        "end": { "line": 9, "column": 54 }
      },
      "9": {
        "start": { "line": 10, "column": 0 },
        "end": { "line": 10, "column": 50 }
      },
      "10": {
        "start": { "line": 11, "column": 0 },
        "end": { "line": 11, "column": 85 }
      },
      "11": {
        "start": { "line": 12, "column": 0 },
        "end": { "line": 12, "column": 43 }
      },
      "12": {
        "start": { "line": 13, "column": 0 },
        "end": { "line": 13, "column": 18 }
      },
      "13": {
        "start": { "line": 14, "column": 0 },
        "end": { "line": 14, "column": 46 }
      },
      "14": {
        "start": { "line": 15, "column": 0 },
        "end": { "line": 15, "column": 47 }
      },
      "15": {
        "start": { "line": 16, "column": 0 },
        "end": { "line": 16, "column": 40 }
      },
      "16": {
        "start": { "line": 17, "column": 0 },
        "end": { "line": 17, "column": 40 }
      },
      "17": {
        "start": { "line": 18, "column": 0 },
        "end": { "line": 18, "column": 47 }
      },
      "18": {
        "start": { "line": 19, "column": 0 },
        "end": { "line": 19, "column": 43 }
      },
      "19": {
        "start": { "line": 20, "column": 0 },
        "end": { "line": 20, "column": 54 }
      },
      "20": {
        "start": { "line": 21, "column": 0 },
        "end": { "line": 21, "column": 56 }
      },
      "21": {
        "start": { "line": 22, "column": 0 },
        "end": { "line": 22, "column": 55 }
      },
      "22": {
        "start": { "line": 23, "column": 0 },
        "end": { "line": 23, "column": 49 }
      },
      "23": {
        "start": { "line": 24, "column": 0 },
        "end": { "line": 24, "column": 6 }
      },
      "24": {
        "start": { "line": 25, "column": 0 },
        "end": { "line": 25, "column": 22 }
      },
      "25": {
        "start": { "line": 26, "column": 0 },
        "end": { "line": 26, "column": 54 }
      },
      "26": {
        "start": { "line": 27, "column": 0 },
        "end": { "line": 27, "column": 33 }
      },
      "27": {
        "start": { "line": 28, "column": 0 },
        "end": { "line": 28, "column": 11 }
      },
      "28": {
        "start": { "line": 29, "column": 0 },
        "end": { "line": 29, "column": 7 }
      },
      "29": {
        "start": { "line": 30, "column": 0 },
        "end": { "line": 30, "column": 58 }
      },
      "30": {
        "start": { "line": 31, "column": 0 },
        "end": { "line": 31, "column": 30 }
      },
      "31": {
        "start": { "line": 32, "column": 0 },
        "end": { "line": 32, "column": 27 }
      },
      "32": {
        "start": { "line": 33, "column": 0 },
        "end": { "line": 33, "column": 38 }
      },
      "33": {
        "start": { "line": 34, "column": 0 },
        "end": { "line": 34, "column": 76 }
      },
      "34": {
        "start": { "line": 35, "column": 0 },
        "end": { "line": 35, "column": 24 }
      },
      "35": {
        "start": { "line": 36, "column": 0 },
        "end": { "line": 36, "column": 56 }
      },
      "36": {
        "start": { "line": 37, "column": 0 },
        "end": { "line": 37, "column": 56 }
      },
      "37": {
        "start": { "line": 38, "column": 0 },
        "end": { "line": 38, "column": 36 }
      },
      "38": {
        "start": { "line": 39, "column": 0 },
        "end": { "line": 39, "column": 9 }
      },
      "39": {
        "start": { "line": 40, "column": 0 },
        "end": { "line": 40, "column": 5 }
      },
      "40": {
        "start": { "line": 41, "column": 0 },
        "end": { "line": 41, "column": 0 }
      },
      "41": {
        "start": { "line": 42, "column": 0 },
        "end": { "line": 42, "column": 60 }
      },
      "42": {
        "start": { "line": 43, "column": 0 },
        "end": { "line": 43, "column": 31 }
      },
      "43": {
        "start": { "line": 44, "column": 0 },
        "end": { "line": 44, "column": 27 }
      },
      "44": {
        "start": { "line": 45, "column": 0 },
        "end": { "line": 45, "column": 39 }
      },
      "45": {
        "start": { "line": 46, "column": 0 },
        "end": { "line": 46, "column": 77 }
      },
      "46": {
        "start": { "line": 47, "column": 0 },
        "end": { "line": 47, "column": 24 }
      },
      "47": {
        "start": { "line": 48, "column": 0 },
        "end": { "line": 48, "column": 56 }
      },
      "48": {
        "start": { "line": 49, "column": 0 },
        "end": { "line": 49, "column": 57 }
      },
      "49": {
        "start": { "line": 50, "column": 0 },
        "end": { "line": 50, "column": 38 }
      },
      "50": {
        "start": { "line": 51, "column": 0 },
        "end": { "line": 51, "column": 9 }
      },
      "51": {
        "start": { "line": 52, "column": 0 },
        "end": { "line": 52, "column": 5 }
      },
      "52": {
        "start": { "line": 53, "column": 0 },
        "end": { "line": 53, "column": 0 }
      },
      "53": {
        "start": { "line": 54, "column": 0 },
        "end": { "line": 54, "column": 46 }
      },
      "54": {
        "start": { "line": 55, "column": 0 },
        "end": { "line": 55, "column": 24 }
      },
      "55": {
        "start": { "line": 56, "column": 0 },
        "end": { "line": 56, "column": 27 }
      },
      "56": {
        "start": { "line": 57, "column": 0 },
        "end": { "line": 57, "column": 94 }
      },
      "57": {
        "start": { "line": 58, "column": 0 },
        "end": { "line": 58, "column": 24 }
      },
      "58": {
        "start": { "line": 59, "column": 0 },
        "end": { "line": 59, "column": 56 }
      },
      "59": {
        "start": { "line": 60, "column": 0 },
        "end": { "line": 60, "column": 50 }
      },
      "60": {
        "start": { "line": 61, "column": 0 },
        "end": { "line": 61, "column": 24 }
      },
      "61": {
        "start": { "line": 62, "column": 0 },
        "end": { "line": 62, "column": 9 }
      },
      "62": {
        "start": { "line": 63, "column": 0 },
        "end": { "line": 63, "column": 5 }
      },
      "63": {
        "start": { "line": 64, "column": 0 },
        "end": { "line": 64, "column": 0 }
      },
      "64": {
        "start": { "line": 65, "column": 0 },
        "end": { "line": 65, "column": 47 }
      },
      "65": {
        "start": { "line": 66, "column": 0 },
        "end": { "line": 66, "column": 24 }
      },
      "66": {
        "start": { "line": 67, "column": 0 },
        "end": { "line": 67, "column": 27 }
      },
      "67": {
        "start": { "line": 68, "column": 0 },
        "end": { "line": 68, "column": 94 }
      },
      "68": {
        "start": { "line": 69, "column": 0 },
        "end": { "line": 69, "column": 24 }
      },
      "69": {
        "start": { "line": 70, "column": 0 },
        "end": { "line": 70, "column": 56 }
      },
      "70": {
        "start": { "line": 71, "column": 0 },
        "end": { "line": 71, "column": 50 }
      },
      "71": {
        "start": { "line": 72, "column": 0 },
        "end": { "line": 72, "column": 30 }
      },
      "72": {
        "start": { "line": 73, "column": 0 },
        "end": { "line": 73, "column": 9 }
      },
      "73": {
        "start": { "line": 74, "column": 0 },
        "end": { "line": 74, "column": 5 }
      },
      "74": {
        "start": { "line": 75, "column": 0 },
        "end": { "line": 75, "column": 0 }
      },
      "75": {
        "start": { "line": 76, "column": 0 },
        "end": { "line": 76, "column": 61 }
      },
      "76": {
        "start": { "line": 77, "column": 0 },
        "end": { "line": 77, "column": 31 }
      },
      "77": {
        "start": { "line": 78, "column": 0 },
        "end": { "line": 78, "column": 27 }
      },
      "78": {
        "start": { "line": 79, "column": 0 },
        "end": { "line": 79, "column": 39 }
      },
      "79": {
        "start": { "line": 80, "column": 0 },
        "end": { "line": 80, "column": 77 }
      },
      "80": {
        "start": { "line": 81, "column": 0 },
        "end": { "line": 81, "column": 24 }
      },
      "81": {
        "start": { "line": 82, "column": 0 },
        "end": { "line": 82, "column": 56 }
      },
      "82": {
        "start": { "line": 83, "column": 0 },
        "end": { "line": 83, "column": 57 }
      },
      "83": {
        "start": { "line": 84, "column": 0 },
        "end": { "line": 84, "column": 38 }
      },
      "84": {
        "start": { "line": 85, "column": 0 },
        "end": { "line": 85, "column": 9 }
      },
      "85": {
        "start": { "line": 86, "column": 0 },
        "end": { "line": 86, "column": 5 }
      },
      "86": {
        "start": { "line": 87, "column": 0 },
        "end": { "line": 87, "column": 0 }
      },
      "87": {
        "start": { "line": 88, "column": 0 },
        "end": { "line": 88, "column": 8 }
      },
      "88": {
        "start": { "line": 89, "column": 0 },
        "end": { "line": 89, "column": 22 }
      },
      "89": {
        "start": { "line": 90, "column": 0 },
        "end": { "line": 90, "column": 34 }
      },
      "90": {
        "start": { "line": 91, "column": 0 },
        "end": { "line": 91, "column": 8 }
      },
      "91": {
        "start": { "line": 92, "column": 0 },
        "end": { "line": 92, "column": 36 }
      },
      "92": {
        "start": { "line": 93, "column": 0 },
        "end": { "line": 93, "column": 40 }
      },
      "93": {
        "start": { "line": 94, "column": 0 },
        "end": { "line": 94, "column": 29 }
      },
      "94": {
        "start": { "line": 95, "column": 0 },
        "end": { "line": 95, "column": 29 }
      },
      "95": {
        "start": { "line": 96, "column": 0 },
        "end": { "line": 96, "column": 31 }
      },
      "96": {
        "start": { "line": 97, "column": 0 },
        "end": { "line": 97, "column": 30 }
      },
      "97": {
        "start": { "line": 98, "column": 0 },
        "end": { "line": 98, "column": 7 }
      },
      "98": {
        "start": { "line": 99, "column": 0 },
        "end": { "line": 99, "column": 27 }
      },
      "99": {
        "start": { "line": 100, "column": 0 },
        "end": { "line": 100, "column": 27 }
      },
      "100": {
        "start": { "line": 101, "column": 0 },
        "end": { "line": 101, "column": 100 }
      },
      "101": {
        "start": { "line": 102, "column": 0 },
        "end": { "line": 102, "column": 24 }
      },
      "102": {
        "start": { "line": 103, "column": 0 },
        "end": { "line": 103, "column": 56 }
      },
      "103": {
        "start": { "line": 104, "column": 0 },
        "end": { "line": 104, "column": 53 }
      },
      "104": {
        "start": { "line": 105, "column": 0 },
        "end": { "line": 105, "column": 30 }
      },
      "105": {
        "start": { "line": 106, "column": 0 },
        "end": { "line": 106, "column": 9 }
      },
      "106": {
        "start": { "line": 107, "column": 0 },
        "end": { "line": 107, "column": 5 }
      },
      "107": {
        "start": { "line": 108, "column": 0 },
        "end": { "line": 108, "column": 0 }
      },
      "108": {
        "start": { "line": 109, "column": 0 },
        "end": { "line": 109, "column": 35 }
      },
      "109": {
        "start": { "line": 110, "column": 0 },
        "end": { "line": 110, "column": 38 }
      },
      "110": {
        "start": { "line": 111, "column": 0 },
        "end": { "line": 111, "column": 27 }
      },
      "111": {
        "start": { "line": 112, "column": 0 },
        "end": { "line": 112, "column": 46 }
      },
      "112": {
        "start": { "line": 113, "column": 0 },
        "end": { "line": 113, "column": 85 }
      },
      "113": {
        "start": { "line": 114, "column": 0 },
        "end": { "line": 114, "column": 24 }
      },
      "114": {
        "start": { "line": 115, "column": 0 },
        "end": { "line": 115, "column": 56 }
      },
      "115": {
        "start": { "line": 116, "column": 0 },
        "end": { "line": 116, "column": 64 }
      },
      "116": {
        "start": { "line": 117, "column": 0 },
        "end": { "line": 117, "column": 52 }
      },
      "117": {
        "start": { "line": 118, "column": 0 },
        "end": { "line": 118, "column": 9 }
      },
      "118": {
        "start": { "line": 119, "column": 0 },
        "end": { "line": 119, "column": 5 }
      },
      "119": {
        "start": { "line": 120, "column": 0 },
        "end": { "line": 120, "column": 0 }
      },
      "120": {
        "start": { "line": 121, "column": 0 },
        "end": { "line": 121, "column": 37 }
      },
      "121": {
        "start": { "line": 122, "column": 0 },
        "end": { "line": 122, "column": 40 }
      },
      "122": {
        "start": { "line": 123, "column": 0 },
        "end": { "line": 123, "column": 27 }
      },
      "123": {
        "start": { "line": 124, "column": 0 },
        "end": { "line": 124, "column": 48 }
      },
      "124": {
        "start": { "line": 125, "column": 0 },
        "end": { "line": 125, "column": 87 }
      },
      "125": {
        "start": { "line": 126, "column": 0 },
        "end": { "line": 126, "column": 24 }
      },
      "126": {
        "start": { "line": 127, "column": 0 },
        "end": { "line": 127, "column": 56 }
      },
      "127": {
        "start": { "line": 128, "column": 0 },
        "end": { "line": 128, "column": 64 }
      },
      "128": {
        "start": { "line": 129, "column": 0 },
        "end": { "line": 129, "column": 52 }
      },
      "129": {
        "start": { "line": 130, "column": 0 },
        "end": { "line": 130, "column": 9 }
      },
      "130": {
        "start": { "line": 131, "column": 0 },
        "end": { "line": 131, "column": 5 }
      },
      "131": {
        "start": { "line": 132, "column": 0 },
        "end": { "line": 132, "column": 0 }
      },
      "132": {
        "start": { "line": 133, "column": 0 },
        "end": { "line": 133, "column": 36 }
      },
      "133": {
        "start": { "line": 134, "column": 0 },
        "end": { "line": 134, "column": 39 }
      },
      "134": {
        "start": { "line": 135, "column": 0 },
        "end": { "line": 135, "column": 27 }
      },
      "135": {
        "start": { "line": 136, "column": 0 },
        "end": { "line": 136, "column": 47 }
      },
      "136": {
        "start": { "line": 137, "column": 0 },
        "end": { "line": 137, "column": 86 }
      },
      "137": {
        "start": { "line": 138, "column": 0 },
        "end": { "line": 138, "column": 24 }
      },
      "138": {
        "start": { "line": 139, "column": 0 },
        "end": { "line": 139, "column": 56 }
      },
      "139": {
        "start": { "line": 140, "column": 0 },
        "end": { "line": 140, "column": 64 }
      },
      "140": {
        "start": { "line": 141, "column": 0 },
        "end": { "line": 141, "column": 52 }
      },
      "141": {
        "start": { "line": 142, "column": 0 },
        "end": { "line": 142, "column": 9 }
      },
      "142": {
        "start": { "line": 143, "column": 0 },
        "end": { "line": 143, "column": 5 }
      },
      "143": {
        "start": { "line": 144, "column": 0 },
        "end": { "line": 144, "column": 0 }
      },
      "144": {
        "start": { "line": 145, "column": 0 },
        "end": { "line": 145, "column": 76 }
      },
      "145": {
        "start": { "line": 146, "column": 0 },
        "end": { "line": 146, "column": 33 }
      },
      "146": {
        "start": { "line": 147, "column": 0 },
        "end": { "line": 147, "column": 27 }
      },
      "147": {
        "start": { "line": 148, "column": 0 },
        "end": { "line": 148, "column": 41 }
      },
      "148": {
        "start": { "line": 149, "column": 0 },
        "end": { "line": 149, "column": 79 }
      },
      "149": {
        "start": { "line": 150, "column": 0 },
        "end": { "line": 150, "column": 24 }
      },
      "150": {
        "start": { "line": 151, "column": 0 },
        "end": { "line": 151, "column": 56 }
      },
      "151": {
        "start": { "line": 152, "column": 0 },
        "end": { "line": 152, "column": 59 }
      },
      "152": {
        "start": { "line": 153, "column": 0 },
        "end": { "line": 153, "column": 42 }
      },
      "153": {
        "start": { "line": 154, "column": 0 },
        "end": { "line": 154, "column": 9 }
      },
      "154": {
        "start": { "line": 155, "column": 0 },
        "end": { "line": 155, "column": 5 }
      },
      "155": {
        "start": { "line": 156, "column": 0 },
        "end": { "line": 156, "column": 22 }
      },
      "156": {
        "start": { "line": 157, "column": 0 },
        "end": { "line": 157, "column": 54 }
      },
      "157": {
        "start": { "line": 158, "column": 0 },
        "end": { "line": 158, "column": 34 }
      },
      "158": {
        "start": { "line": 159, "column": 0 },
        "end": { "line": 159, "column": 13 }
      },
      "159": {
        "start": { "line": 160, "column": 0 },
        "end": { "line": 160, "column": 7 }
      },
      "160": {
        "start": { "line": 161, "column": 0 },
        "end": { "line": 161, "column": 0 }
      },
      "161": {
        "start": { "line": 162, "column": 0 },
        "end": { "line": 162, "column": 18 }
      },
      "162": {
        "start": { "line": 163, "column": 0 },
        "end": { "line": 163, "column": 3 }
      },
      "163": {
        "start": { "line": 164, "column": 0 },
        "end": { "line": 164, "column": 62 }
      },
      "164": {
        "start": { "line": 165, "column": 0 },
        "end": { "line": 165, "column": 34 }
      },
      "165": {
        "start": { "line": 166, "column": 0 },
        "end": { "line": 166, "column": 28 }
      },
      "166": {
        "start": { "line": 167, "column": 0 },
        "end": { "line": 167, "column": 29 }
      },
      "167": {
        "start": { "line": 168, "column": 0 },
        "end": { "line": 168, "column": 12 }
      },
      "168": {
        "start": { "line": 169, "column": 0 },
        "end": { "line": 169, "column": 92 }
      },
      "169": {
        "start": { "line": 170, "column": 0 },
        "end": { "line": 170, "column": 31 }
      },
      "170": {
        "start": { "line": 171, "column": 0 },
        "end": { "line": 171, "column": 94 }
      },
      "171": {
        "start": { "line": 172, "column": 0 },
        "end": { "line": 172, "column": 7 }
      },
      "172": {
        "start": { "line": 173, "column": 0 },
        "end": { "line": 173, "column": 96 }
      },
      "173": {
        "start": { "line": 174, "column": 0 },
        "end": { "line": 174, "column": 31 }
      },
      "174": {
        "start": { "line": 175, "column": 0 },
        "end": { "line": 175, "column": 98 }
      },
      "175": {
        "start": { "line": 176, "column": 0 },
        "end": { "line": 176, "column": 7 }
      },
      "176": {
        "start": { "line": 177, "column": 0 },
        "end": { "line": 177, "column": 94 }
      },
      "177": {
        "start": { "line": 178, "column": 0 },
        "end": { "line": 178, "column": 31 }
      },
      "178": {
        "start": { "line": 179, "column": 0 },
        "end": { "line": 179, "column": 96 }
      },
      "179": {
        "start": { "line": 180, "column": 0 },
        "end": { "line": 180, "column": 7 }
      },
      "180": {
        "start": { "line": 181, "column": 0 },
        "end": { "line": 181, "column": 84 }
      },
      "181": {
        "start": { "line": 182, "column": 0 },
        "end": { "line": 182, "column": 31 }
      },
      "182": {
        "start": { "line": 183, "column": 0 },
        "end": { "line": 183, "column": 87 }
      },
      "183": {
        "start": { "line": 184, "column": 0 },
        "end": { "line": 184, "column": 7 }
      },
      "184": {
        "start": { "line": 185, "column": 0 },
        "end": { "line": 185, "column": 5 }
      },
      "185": {
        "start": { "line": 186, "column": 0 },
        "end": { "line": 186, "column": 0 }
      },
      "186": {
        "start": { "line": 187, "column": 0 },
        "end": { "line": 187, "column": 64 }
      },
      "187": {
        "start": { "line": 188, "column": 0 },
        "end": { "line": 188, "column": 29 }
      },
      "188": {
        "start": { "line": 189, "column": 0 },
        "end": { "line": 189, "column": 12 }
      },
      "189": {
        "start": { "line": 190, "column": 0 },
        "end": { "line": 190, "column": 39 }
      },
      "190": {
        "start": { "line": 191, "column": 0 },
        "end": { "line": 191, "column": 77 }
      },
      "191": {
        "start": { "line": 192, "column": 0 },
        "end": { "line": 192, "column": 33 }
      },
      "192": {
        "start": { "line": 193, "column": 0 },
        "end": { "line": 193, "column": 9 }
      },
      "193": {
        "start": { "line": 194, "column": 0 },
        "end": { "line": 194, "column": 82 }
      },
      "194": {
        "start": { "line": 195, "column": 0 },
        "end": { "line": 195, "column": 33 }
      },
      "195": {
        "start": { "line": 196, "column": 0 },
        "end": { "line": 196, "column": 9 }
      },
      "196": {
        "start": { "line": 197, "column": 0 },
        "end": { "line": 197, "column": 7 }
      },
      "197": {
        "start": { "line": 198, "column": 0 },
        "end": { "line": 198, "column": 5 }
      },
      "198": {
        "start": { "line": 199, "column": 0 },
        "end": { "line": 199, "column": 0 }
      },
      "199": {
        "start": { "line": 200, "column": 0 },
        "end": { "line": 200, "column": 36 }
      },
      "200": {
        "start": { "line": 201, "column": 0 },
        "end": { "line": 201, "column": 29 }
      },
      "201": {
        "start": { "line": 202, "column": 0 },
        "end": { "line": 202, "column": 12 }
      },
      "202": {
        "start": { "line": 203, "column": 0 },
        "end": { "line": 203, "column": 51 }
      },
      "203": {
        "start": { "line": 204, "column": 0 },
        "end": { "line": 204, "column": 45 }
      },
      "204": {
        "start": { "line": 205, "column": 0 },
        "end": { "line": 205, "column": 33 }
      },
      "205": {
        "start": { "line": 206, "column": 0 },
        "end": { "line": 206, "column": 9 }
      },
      "206": {
        "start": { "line": 207, "column": 0 },
        "end": { "line": 207, "column": 7 }
      },
      "207": {
        "start": { "line": 208, "column": 0 },
        "end": { "line": 208, "column": 5 }
      },
      "208": {
        "start": { "line": 209, "column": 0 },
        "end": { "line": 209, "column": 0 }
      },
      "209": {
        "start": { "line": 210, "column": 0 },
        "end": { "line": 210, "column": 22 }
      },
      "210": {
        "start": { "line": 211, "column": 0 },
        "end": { "line": 211, "column": 29 }
      },
      "211": {
        "start": { "line": 212, "column": 0 },
        "end": { "line": 212, "column": 12 }
      },
      "212": {
        "start": { "line": 213, "column": 0 },
        "end": { "line": 213, "column": 37 }
      },
      "213": {
        "start": { "line": 214, "column": 0 },
        "end": { "line": 214, "column": 63 }
      },
      "214": {
        "start": { "line": 215, "column": 0 },
        "end": { "line": 215, "column": 33 }
      },
      "215": {
        "start": { "line": 216, "column": 0 },
        "end": { "line": 216, "column": 9 }
      },
      "216": {
        "start": { "line": 217, "column": 0 },
        "end": { "line": 217, "column": 7 }
      },
      "217": {
        "start": { "line": 218, "column": 0 },
        "end": { "line": 218, "column": 5 }
      },
      "218": {
        "start": { "line": 219, "column": 0 },
        "end": { "line": 219, "column": 0 }
      },
      "219": {
        "start": { "line": 220, "column": 0 },
        "end": { "line": 220, "column": 55 }
      },
      "220": {
        "start": { "line": 221, "column": 0 },
        "end": { "line": 221, "column": 29 }
      },
      "221": {
        "start": { "line": 222, "column": 0 },
        "end": { "line": 222, "column": 5 }
      },
      "222": {
        "start": { "line": 223, "column": 0 },
        "end": { "line": 223, "column": 0 }
      },
      "223": {
        "start": { "line": 224, "column": 0 },
        "end": { "line": 224, "column": 59 }
      },
      "224": {
        "start": { "line": 225, "column": 0 },
        "end": { "line": 225, "column": 29 }
      },
      "225": {
        "start": { "line": 226, "column": 0 },
        "end": { "line": 226, "column": 5 }
      },
      "226": {
        "start": { "line": 227, "column": 0 },
        "end": { "line": 227, "column": 0 }
      },
      "227": {
        "start": { "line": 228, "column": 0 },
        "end": { "line": 228, "column": 18 }
      },
      "228": {
        "start": { "line": 229, "column": 0 },
        "end": { "line": 229, "column": 3 }
      },
      "229": {
        "start": { "line": 230, "column": 0 },
        "end": { "line": 230, "column": 55 }
      },
      "230": {
        "start": { "line": 231, "column": 0 },
        "end": { "line": 231, "column": 47 }
      },
      "231": {
        "start": { "line": 232, "column": 0 },
        "end": { "line": 232, "column": 3 }
      },
      "232": {
        "start": { "line": 233, "column": 0 },
        "end": { "line": 233, "column": 56 }
      },
      "233": {
        "start": { "line": 234, "column": 0 },
        "end": { "line": 234, "column": 47 }
      },
      "234": {
        "start": { "line": 235, "column": 0 },
        "end": { "line": 235, "column": 3 }
      },
      "235": {
        "start": { "line": 236, "column": 0 },
        "end": { "line": 236, "column": 1 }
      }
    },
    "s": {
      "0": 1,
      "1": 1,
      "2": 1,
      "3": 1,
      "4": 1,
      "5": 1,
      "6": 1,
      "7": 1,
      "8": 1,
      "9": 1,
      "10": 1,
      "11": 29,
      "12": 29,
      "13": 29,
      "14": 29,
      "15": 29,
      "16": 29,
      "17": 29,
      "18": 29,
      "19": 29,
      "20": 29,
      "21": 29,
      "22": 29,
      "23": 29,
      "24": 29,
      "25": 29,
      "26": 29,
      "27": 29,
      "28": 29,
      "29": 29,
      "30": 2,
      "31": 2,
      "32": 2,
      "33": 2,
      "34": 2,
      "35": 2,
      "36": 2,
      "37": 2,
      "38": 2,
      "39": 2,
      "40": 29,
      "41": 29,
      "42": 2,
      "43": 2,
      "44": 2,
      "45": 2,
      "46": 2,
      "47": 2,
      "48": 2,
      "49": 2,
      "50": 2,
      "51": 2,
      "52": 29,
      "53": 29,
      "54": 2,
      "55": 2,
      "56": 2,
      "57": 2,
      "58": 2,
      "59": 2,
      "60": 2,
      "61": 2,
      "62": 2,
      "63": 29,
      "64": 29,
      "65": 2,
      "66": 2,
      "67": 2,
      "68": 2,
      "69": 2,
      "70": 2,
      "71": 2,
      "72": 2,
      "73": 2,
      "74": 29,
      "75": 29,
      "76": 2,
      "77": 2,
      "78": 2,
      "79": 2,
      "80": 2,
      "81": 2,
      "82": 2,
      "83": 2,
      "84": 2,
      "85": 2,
      "86": 29,
      "87": 29,
      "88": 29,
      "89": 29,
      "90": 27,
      "91": 27,
      "92": 27,
      "93": 27,
      "94": 27,
      "95": 27,
      "96": 27,
      "97": 29,
      "98": 2,
      "99": 2,
      "100": 2,
      "101": 2,
      "102": 2,
      "103": 2,
      "104": 2,
      "105": 2,
      "106": 2,
      "107": 29,
      "108": 29,
      "109": 1,
      "110": 1,
      "111": 1,
      "112": 1,
      "113": 1,
      "114": 1,
      "115": 1,
      "116": 1,
      "117": 1,
      "118": 1,
      "119": 29,
      "120": 29,
      "121": 1,
      "122": 1,
      "123": 1,
      "124": 1,
      "125": 1,
      "126": 1,
      "127": 1,
      "128": 1,
      "129": 1,
      "130": 1,
      "131": 29,
      "132": 29,
      "133": 1,
      "134": 1,
      "135": 1,
      "136": 1,
      "137": 1,
      "138": 1,
      "139": 1,
      "140": 1,
      "141": 1,
      "142": 1,
      "143": 29,
      "144": 29,
      "145": 4,
      "146": 4,
      "147": 4,
      "148": 4,
      "149": 4,
      "150": 4,
      "151": 4,
      "152": 4,
      "153": 4,
      "154": 4,
      "155": 29,
      "156": 29,
      "157": 29,
      "158": 29,
      "159": 29,
      "160": 29,
      "161": 29,
      "162": 29,
      "163": 1,
      "164": 0,
      "165": 0,
      "166": 0,
      "167": 0,
      "168": 0,
      "169": 0,
      "170": 0,
      "171": 0,
      "172": 0,
      "173": 0,
      "174": 0,
      "175": 0,
      "176": 0,
      "177": 0,
      "178": 0,
      "179": 0,
      "180": 0,
      "181": 0,
      "182": 0,
      "183": 0,
      "184": 0,
      "185": 0,
      "186": 0,
      "187": 0,
      "188": 0,
      "189": 0,
      "190": 0,
      "191": 0,
      "192": 0,
      "193": 0,
      "194": 0,
      "195": 0,
      "196": 0,
      "197": 0,
      "198": 0,
      "199": 0,
      "200": 0,
      "201": 0,
      "202": 0,
      "203": 0,
      "204": 0,
      "205": 0,
      "206": 0,
      "207": 0,
      "208": 0,
      "209": 0,
      "210": 0,
      "211": 0,
      "212": 0,
      "213": 0,
      "214": 0,
      "215": 0,
      "216": 0,
      "217": 0,
      "218": 0,
      "219": 0,
      "220": 0,
      "221": 0,
      "222": 0,
      "223": 0,
      "224": 0,
      "225": 0,
      "226": 0,
      "227": 0,
      "228": 0,
      "229": 1,
      "230": 0,
      "231": 0,
      "232": 1,
      "233": 0,
      "234": 0,
      "235": 1
    },
    "branchMap": {
      "0": {
        "type": "branch",
        "line": 9,
        "loc": {
          "start": { "line": 9, "column": 26 },
          "end": { "line": 235, "column": 3 }
        },
        "locations": [
          {
            "start": { "line": 9, "column": 26 },
            "end": { "line": 235, "column": 3 }
          }
        ]
      },
      "1": {
        "type": "branch",
        "line": 10,
        "loc": {
          "start": { "line": 10, "column": 2 },
          "end": { "line": 10, "column": 50 }
        },
        "locations": [
          {
            "start": { "line": 10, "column": 2 },
            "end": { "line": 10, "column": 50 }
          }
        ]
      },
      "2": {
        "type": "branch",
        "line": 11,
        "loc": {
          "start": { "line": 11, "column": 2 },
          "end": { "line": 163, "column": 3 }
        },
        "locations": [
          {
            "start": { "line": 11, "column": 2 },
            "end": { "line": 163, "column": 3 }
          }
        ]
      },
      "3": {
        "type": "branch",
        "line": 30,
        "loc": {
          "start": { "line": 30, "column": 24 },
          "end": { "line": 30, "column": 55 }
        },
        "locations": [
          {
            "start": { "line": 30, "column": 24 },
            "end": { "line": 30, "column": 55 }
          }
        ]
      },
      "4": {
        "type": "branch",
        "line": 30,
        "loc": {
          "start": { "line": 30, "column": 57 },
          "end": { "line": 40, "column": 5 }
        },
        "locations": [
          {
            "start": { "line": 30, "column": 57 },
            "end": { "line": 40, "column": 5 }
          }
        ]
      },
      "5": {
        "type": "branch",
        "line": 42,
        "loc": {
          "start": { "line": 42, "column": 25 },
          "end": { "line": 42, "column": 57 }
        },
        "locations": [
          {
            "start": { "line": 42, "column": 25 },
            "end": { "line": 42, "column": 57 }
          }
        ]
      },
      "6": {
        "type": "branch",
        "line": 42,
        "loc": {
          "start": { "line": 42, "column": 59 },
          "end": { "line": 52, "column": 5 }
        },
        "locations": [
          {
            "start": { "line": 42, "column": 59 },
            "end": { "line": 52, "column": 5 }
          }
        ]
      },
      "7": {
        "type": "branch",
        "line": 54,
        "loc": {
          "start": { "line": 54, "column": 18 },
          "end": { "line": 54, "column": 43 }
        },
        "locations": [
          {
            "start": { "line": 54, "column": 18 },
            "end": { "line": 54, "column": 43 }
          }
        ]
      },
      "8": {
        "type": "branch",
        "line": 54,
        "loc": {
          "start": { "line": 54, "column": 45 },
          "end": { "line": 63, "column": 5 }
        },
        "locations": [
          {
            "start": { "line": 54, "column": 45 },
            "end": { "line": 63, "column": 5 }
          }
        ]
      },
      "9": {
        "type": "branch",
        "line": 65,
        "loc": {
          "start": { "line": 65, "column": 18 },
          "end": { "line": 65, "column": 44 }
        },
        "locations": [
          {
            "start": { "line": 65, "column": 18 },
            "end": { "line": 65, "column": 44 }
          }
        ]
      },
      "10": {
        "type": "branch",
        "line": 65,
        "loc": {
          "start": { "line": 65, "column": 46 },
          "end": { "line": 74, "column": 5 }
        },
        "locations": [
          {
            "start": { "line": 65, "column": 46 },
            "end": { "line": 74, "column": 5 }
          }
        ]
      },
      "11": {
        "type": "branch",
        "line": 76,
        "loc": {
          "start": { "line": 76, "column": 25 },
          "end": { "line": 76, "column": 58 }
        },
        "locations": [
          {
            "start": { "line": 76, "column": 25 },
            "end": { "line": 76, "column": 58 }
          }
        ]
      },
      "12": {
        "type": "branch",
        "line": 76,
        "loc": {
          "start": { "line": 76, "column": 60 },
          "end": { "line": 86, "column": 5 }
        },
        "locations": [
          {
            "start": { "line": 76, "column": 60 },
            "end": { "line": 86, "column": 5 }
          }
        ]
      },
      "13": {
        "type": "branch",
        "line": 89,
        "loc": {
          "start": { "line": 89, "column": 19 },
          "end": { "line": 90, "column": 31 }
        },
        "locations": [
          {
            "start": { "line": 89, "column": 19 },
            "end": { "line": 90, "column": 31 }
          }
        ]
      },
      "14": {
        "type": "branch",
        "line": 90,
        "loc": {
          "start": { "line": 90, "column": 31 },
          "end": { "line": 97, "column": 30 }
        },
        "locations": [
          {
            "start": { "line": 90, "column": 31 },
            "end": { "line": 97, "column": 30 }
          }
        ]
      },
      "15": {
        "type": "branch",
        "line": 98,
        "loc": {
          "start": { "line": 98, "column": 6 },
          "end": { "line": 107, "column": 5 }
        },
        "locations": [
          {
            "start": { "line": 98, "column": 6 },
            "end": { "line": 107, "column": 5 }
          }
        ]
      },
      "16": {
        "type": "branch",
        "line": 109,
        "loc": {
          "start": { "line": 109, "column": 34 },
          "end": { "line": 119, "column": 5 }
        },
        "locations": [
          {
            "start": { "line": 109, "column": 34 },
            "end": { "line": 119, "column": 5 }
          }
        ]
      },
      "17": {
        "type": "branch",
        "line": 121,
        "loc": {
          "start": { "line": 121, "column": 36 },
          "end": { "line": 131, "column": 5 }
        },
        "locations": [
          {
            "start": { "line": 121, "column": 36 },
            "end": { "line": 131, "column": 5 }
          }
        ]
      },
      "18": {
        "type": "branch",
        "line": 133,
        "loc": {
          "start": { "line": 133, "column": 35 },
          "end": { "line": 143, "column": 5 }
        },
        "locations": [
          {
            "start": { "line": 133, "column": 35 },
            "end": { "line": 143, "column": 5 }
          }
        ]
      },
      "19": {
        "type": "branch",
        "line": 145,
        "loc": {
          "start": { "line": 145, "column": 27 },
          "end": { "line": 145, "column": 73 }
        },
        "locations": [
          {
            "start": { "line": 145, "column": 27 },
            "end": { "line": 145, "column": 73 }
          }
        ]
      },
      "20": {
        "type": "branch",
        "line": 145,
        "loc": {
          "start": { "line": 145, "column": 75 },
          "end": { "line": 155, "column": 5 }
        },
        "locations": [
          {
            "start": { "line": 145, "column": 75 },
            "end": { "line": 155, "column": 5 }
          }
        ]
      }
    },
    "b": {
      "0": [1],
      "1": [1],
      "2": [29],
      "3": [27],
      "4": [2],
      "5": [27],
      "6": [2],
      "7": [27],
      "8": [2],
      "9": [27],
      "10": [2],
      "11": [27],
      "12": [2],
      "13": [27],
      "14": [27],
      "15": [2],
      "16": [1],
      "17": [1],
      "18": [1],
      "19": [27],
      "20": [4]
    },
    "fnMap": {
      "0": {
        "name": "FormValidator",
        "decl": {
          "start": { "line": 10, "column": 2 },
          "end": { "line": 10, "column": 50 }
        },
        "loc": {
          "start": { "line": 10, "column": 2 },
          "end": { "line": 10, "column": 50 }
        },
        "line": 10
      },
      "1": {
        "name": "validatePreExecutionForm",
        "decl": {
          "start": { "line": 11, "column": 2 },
          "end": { "line": 163, "column": 3 }
        },
        "loc": {
          "start": { "line": 11, "column": 2 },
          "end": { "line": 163, "column": 3 }
        },
        "line": 11
      },
      "2": {
        "name": "validateConfigForm",
        "decl": {
          "start": { "line": 164, "column": 2 },
          "end": { "line": 229, "column": 3 }
        },
        "loc": {
          "start": { "line": 164, "column": 2 },
          "end": { "line": 229, "column": 3 }
        },
        "line": 164
      },
      "3": {
        "name": "validateFinishExecutionForm",
        "decl": {
          "start": { "line": 230, "column": 2 },
          "end": { "line": 232, "column": 3 }
        },
        "loc": {
          "start": { "line": 230, "column": 2 },
          "end": { "line": 232, "column": 3 }
        },
        "line": 230
      },
      "4": {
        "name": "validateUnderForestForm",
        "decl": {
          "start": { "line": 233, "column": 2 },
          "end": { "line": 235, "column": 3 }
        },
        "loc": {
          "start": { "line": 233, "column": 2 },
          "end": { "line": 235, "column": 3 }
        },
        "line": 233
      }
    },
    "f": { "0": 1, "1": 29, "2": 0, "3": 0, "4": 0 }
  },
  "/Users/gabrielguinterherter/Projects/combate-app/combate-app/CombateApp/src/internal/config/config.ts": {
    "path": "/Users/gabrielguinterherter/Projects/combate-app/combate-app/CombateApp/src/internal/config/config.ts",
    "all": false,
    "statementMap": {
      "0": {
        "start": { "line": 1, "column": 0 },
        "end": { "line": 1, "column": 51 }
      },
      "1": {
        "start": { "line": 2, "column": 0 },
        "end": { "line": 2, "column": 84 }
      },
      "2": {
        "start": { "line": 3, "column": 0 },
        "end": { "line": 3, "column": 0 }
      },
      "3": {
        "start": { "line": 4, "column": 0 },
        "end": { "line": 4, "column": 26 }
      },
      "4": {
        "start": { "line": 5, "column": 0 },
        "end": { "line": 5, "column": 16 }
      },
      "5": {
        "start": { "line": 6, "column": 0 },
        "end": { "line": 6, "column": 21 }
      },
      "6": {
        "start": { "line": 7, "column": 0 },
        "end": { "line": 7, "column": 4 }
      },
      "7": {
        "start": { "line": 8, "column": 0 },
        "end": { "line": 8, "column": 16 }
      },
      "8": {
        "start": { "line": 9, "column": 0 },
        "end": { "line": 9, "column": 15 }
      },
      "9": {
        "start": { "line": 10, "column": 0 },
        "end": { "line": 10, "column": 44 }
      },
      "10": {
        "start": { "line": 11, "column": 0 },
        "end": { "line": 11, "column": 28 }
      },
      "11": {
        "start": { "line": 12, "column": 0 },
        "end": { "line": 12, "column": 23 }
      },
      "12": {
        "start": { "line": 13, "column": 0 },
        "end": { "line": 13, "column": 38 }
      },
      "13": {
        "start": { "line": 14, "column": 0 },
        "end": { "line": 14, "column": 38 }
      },
      "14": {
        "start": { "line": 15, "column": 0 },
        "end": { "line": 15, "column": 38 }
      },
      "15": {
        "start": { "line": 16, "column": 0 },
        "end": { "line": 16, "column": 4 }
      },
      "16": {
        "start": { "line": 17, "column": 0 },
        "end": { "line": 17, "column": 0 }
      },
      "17": {
        "start": { "line": 18, "column": 0 },
        "end": { "line": 18, "column": 11 }
      },
      "18": {
        "start": { "line": 19, "column": 0 },
        "end": { "line": 19, "column": 35 }
      },
      "19": {
        "start": { "line": 20, "column": 0 },
        "end": { "line": 20, "column": 32 }
      },
      "20": {
        "start": { "line": 21, "column": 0 },
        "end": { "line": 21, "column": 33 }
      },
      "21": {
        "start": { "line": 22, "column": 0 },
        "end": { "line": 22, "column": 25 }
      },
      "22": {
        "start": { "line": 23, "column": 0 },
        "end": { "line": 23, "column": 25 }
      },
      "23": {
        "start": { "line": 24, "column": 0 },
        "end": { "line": 24, "column": 33 }
      },
      "24": {
        "start": { "line": 25, "column": 0 },
        "end": { "line": 25, "column": 28 }
      },
      "25": {
        "start": { "line": 26, "column": 0 },
        "end": { "line": 26, "column": 41 }
      },
      "26": {
        "start": { "line": 27, "column": 0 },
        "end": { "line": 27, "column": 43 }
      },
      "27": {
        "start": { "line": 28, "column": 0 },
        "end": { "line": 28, "column": 42 }
      },
      "28": {
        "start": { "line": 29, "column": 0 },
        "end": { "line": 29, "column": 35 }
      },
      "29": {
        "start": { "line": 30, "column": 0 },
        "end": { "line": 30, "column": 6 }
      },
      "30": {
        "start": { "line": 31, "column": 0 },
        "end": { "line": 31, "column": 18 }
      },
      "31": {
        "start": { "line": 32, "column": 0 },
        "end": { "line": 32, "column": 37 }
      },
      "32": {
        "start": { "line": 33, "column": 0 },
        "end": { "line": 33, "column": 39 }
      },
      "33": {
        "start": { "line": 34, "column": 0 },
        "end": { "line": 34, "column": 38 }
      },
      "34": {
        "start": { "line": 35, "column": 0 },
        "end": { "line": 35, "column": 33 }
      },
      "35": {
        "start": { "line": 36, "column": 0 },
        "end": { "line": 36, "column": 38 }
      },
      "36": {
        "start": { "line": 37, "column": 0 },
        "end": { "line": 37, "column": 25 }
      },
      "37": {
        "start": { "line": 38, "column": 0 },
        "end": { "line": 38, "column": 30 }
      },
      "38": {
        "start": { "line": 39, "column": 0 },
        "end": { "line": 39, "column": 31 }
      },
      "39": {
        "start": { "line": 40, "column": 0 },
        "end": { "line": 40, "column": 38 }
      },
      "40": {
        "start": { "line": 41, "column": 0 },
        "end": { "line": 41, "column": 24 }
      },
      "41": {
        "start": { "line": 42, "column": 0 },
        "end": { "line": 42, "column": 28 }
      },
      "42": {
        "start": { "line": 43, "column": 0 },
        "end": { "line": 43, "column": 30 }
      },
      "43": {
        "start": { "line": 44, "column": 0 },
        "end": { "line": 44, "column": 6 }
      },
      "44": {
        "start": { "line": 45, "column": 0 },
        "end": { "line": 45, "column": 4 }
      },
      "45": {
        "start": { "line": 46, "column": 0 },
        "end": { "line": 46, "column": 2 }
      },
      "46": {
        "start": { "line": 47, "column": 0 },
        "end": { "line": 47, "column": 0 }
      },
      "47": {
        "start": { "line": 48, "column": 0 },
        "end": { "line": 48, "column": 46 }
      },
      "48": {
        "start": { "line": 49, "column": 0 },
        "end": { "line": 49, "column": 16 }
      },
      "49": {
        "start": { "line": 50, "column": 0 },
        "end": { "line": 50, "column": 27 }
      },
      "50": {
        "start": { "line": 51, "column": 0 },
        "end": { "line": 51, "column": 29 }
      },
      "51": {
        "start": { "line": 52, "column": 0 },
        "end": { "line": 52, "column": 28 }
      },
      "52": {
        "start": { "line": 53, "column": 0 },
        "end": { "line": 53, "column": 26 }
      },
      "53": {
        "start": { "line": 54, "column": 0 },
        "end": { "line": 54, "column": 4 }
      },
      "54": {
        "start": { "line": 55, "column": 0 },
        "end": { "line": 55, "column": 12 }
      },
      "55": {
        "start": { "line": 56, "column": 0 },
        "end": { "line": 56, "column": 45 }
      },
      "56": {
        "start": { "line": 57, "column": 0 },
        "end": { "line": 57, "column": 45 }
      },
      "57": {
        "start": { "line": 58, "column": 0 },
        "end": { "line": 58, "column": 45 }
      },
      "58": {
        "start": { "line": 59, "column": 0 },
        "end": { "line": 59, "column": 45 }
      },
      "59": {
        "start": { "line": 60, "column": 0 },
        "end": { "line": 60, "column": 45 }
      },
      "60": {
        "start": { "line": 61, "column": 0 },
        "end": { "line": 61, "column": 45 }
      },
      "61": {
        "start": { "line": 62, "column": 0 },
        "end": { "line": 62, "column": 4 }
      },
      "62": {
        "start": { "line": 63, "column": 0 },
        "end": { "line": 63, "column": 20 }
      },
      "63": {
        "start": { "line": 64, "column": 0 },
        "end": { "line": 64, "column": 27 }
      },
      "64": {
        "start": { "line": 65, "column": 0 },
        "end": { "line": 65, "column": 4 }
      },
      "65": {
        "start": { "line": 66, "column": 0 },
        "end": { "line": 66, "column": 24 }
      },
      "66": {
        "start": { "line": 67, "column": 0 },
        "end": { "line": 67, "column": 17 }
      },
      "67": {
        "start": { "line": 68, "column": 0 },
        "end": { "line": 68, "column": 25 }
      },
      "68": {
        "start": { "line": 69, "column": 0 },
        "end": { "line": 69, "column": 17 }
      },
      "69": {
        "start": { "line": 70, "column": 0 },
        "end": { "line": 70, "column": 25 }
      },
      "70": {
        "start": { "line": 71, "column": 0 },
        "end": { "line": 71, "column": 17 }
      },
      "71": {
        "start": { "line": 72, "column": 0 },
        "end": { "line": 72, "column": 15 }
      },
      "72": {
        "start": { "line": 73, "column": 0 },
        "end": { "line": 73, "column": 22 }
      },
      "73": {
        "start": { "line": 74, "column": 0 },
        "end": { "line": 74, "column": 23 }
      },
      "74": {
        "start": { "line": 75, "column": 0 },
        "end": { "line": 75, "column": 19 }
      },
      "75": {
        "start": { "line": 76, "column": 0 },
        "end": { "line": 76, "column": 43 }
      },
      "76": {
        "start": { "line": 77, "column": 0 },
        "end": { "line": 77, "column": 15 }
      },
      "77": {
        "start": { "line": 78, "column": 0 },
        "end": { "line": 78, "column": 4 }
      },
      "78": {
        "start": { "line": 79, "column": 0 },
        "end": { "line": 79, "column": 11 }
      },
      "79": {
        "start": { "line": 80, "column": 0 },
        "end": { "line": 80, "column": 27 }
      },
      "80": {
        "start": { "line": 81, "column": 0 },
        "end": { "line": 81, "column": 25 }
      },
      "81": {
        "start": { "line": 82, "column": 0 },
        "end": { "line": 82, "column": 33 }
      },
      "82": {
        "start": { "line": 83, "column": 0 },
        "end": { "line": 83, "column": 4 }
      },
      "83": {
        "start": { "line": 84, "column": 0 },
        "end": { "line": 84, "column": 12 }
      },
      "84": {
        "start": { "line": 85, "column": 0 },
        "end": { "line": 85, "column": 12 }
      },
      "85": {
        "start": { "line": 86, "column": 0 },
        "end": { "line": 86, "column": 37 }
      },
      "86": {
        "start": { "line": 87, "column": 0 },
        "end": { "line": 87, "column": 18 }
      },
      "87": {
        "start": { "line": 88, "column": 0 },
        "end": { "line": 88, "column": 25 }
      },
      "88": {
        "start": { "line": 89, "column": 0 },
        "end": { "line": 89, "column": 2 }
      },
      "89": {
        "start": { "line": 90, "column": 0 },
        "end": { "line": 90, "column": 0 }
      },
      "90": {
        "start": { "line": 91, "column": 0 },
        "end": { "line": 91, "column": 71 }
      },
      "91": {
        "start": { "line": 92, "column": 0 },
        "end": { "line": 92, "column": 11 }
      },
      "92": {
        "start": { "line": 93, "column": 0 },
        "end": { "line": 93, "column": 17 }
      },
      "93": {
        "start": { "line": 94, "column": 0 },
        "end": { "line": 94, "column": 11 }
      },
      "94": {
        "start": { "line": 95, "column": 0 },
        "end": { "line": 95, "column": 18 }
      },
      "95": {
        "start": { "line": 96, "column": 0 },
        "end": { "line": 96, "column": 18 }
      },
      "96": {
        "start": { "line": 97, "column": 0 },
        "end": { "line": 97, "column": 32 }
      },
      "97": {
        "start": { "line": 98, "column": 0 },
        "end": { "line": 98, "column": 26 }
      },
      "98": {
        "start": { "line": 99, "column": 0 },
        "end": { "line": 99, "column": 24 }
      },
      "99": {
        "start": { "line": 100, "column": 0 },
        "end": { "line": 100, "column": 19 }
      },
      "100": {
        "start": { "line": 101, "column": 0 },
        "end": { "line": 101, "column": 25 }
      },
      "101": {
        "start": { "line": 102, "column": 0 },
        "end": { "line": 102, "column": 2 }
      }
    },
    "s": {
      "0": 1,
      "1": 1,
      "2": 1,
      "3": 1,
      "4": 1,
      "5": 1,
      "6": 1,
      "7": 1,
      "8": 1,
      "9": 1,
      "10": 1,
      "11": 1,
      "12": 1,
      "13": 1,
      "14": 1,
      "15": 1,
      "16": 1,
      "17": 1,
      "18": 1,
      "19": 1,
      "20": 1,
      "21": 1,
      "22": 1,
      "23": 1,
      "24": 1,
      "25": 1,
      "26": 1,
      "27": 1,
      "28": 1,
      "29": 1,
      "30": 1,
      "31": 1,
      "32": 1,
      "33": 1,
      "34": 1,
      "35": 1,
      "36": 1,
      "37": 1,
      "38": 1,
      "39": 1,
      "40": 1,
      "41": 1,
      "42": 1,
      "43": 1,
      "44": 1,
      "45": 1,
      "46": 1,
      "47": 1,
      "48": 1,
      "49": 1,
      "50": 1,
      "51": 1,
      "52": 1,
      "53": 1,
      "54": 1,
      "55": 1,
      "56": 1,
      "57": 1,
      "58": 1,
      "59": 1,
      "60": 1,
      "61": 1,
      "62": 1,
      "63": 1,
      "64": 1,
      "65": 1,
      "66": 1,
      "67": 1,
      "68": 1,
      "69": 1,
      "70": 1,
      "71": 1,
      "72": 1,
      "73": 1,
      "74": 1,
      "75": 1,
      "76": 1,
      "77": 1,
      "78": 1,
      "79": 1,
      "80": 1,
      "81": 1,
      "82": 1,
      "83": 1,
      "84": 1,
      "85": 1,
      "86": 1,
      "87": 1,
      "88": 1,
      "89": 1,
      "90": 1,
      "91": 1,
      "92": 1,
      "93": 1,
      "94": 1,
      "95": 1,
      "96": 1,
      "97": 1,
      "98": 1,
      "99": 1,
      "100": 1,
      "101": 1
    },
    "branchMap": {},
    "b": {},
    "fnMap": {},
    "f": {}
  },
  "/Users/gabrielguinterherter/Projects/combate-app/combate-app/CombateApp/src/internal/core/enum/weather.ts": {
    "path": "/Users/gabrielguinterherter/Projects/combate-app/combate-app/CombateApp/src/internal/core/enum/weather.ts",
    "all": false,
    "statementMap": {
      "0": {
        "start": { "line": 1, "column": 0 },
        "end": { "line": 1, "column": 15 }
      },
      "1": {
        "start": { "line": 2, "column": 0 },
        "end": { "line": 2, "column": 14 }
      },
      "2": {
        "start": { "line": 3, "column": 0 },
        "end": { "line": 3, "column": 18 }
      },
      "3": {
        "start": { "line": 4, "column": 0 },
        "end": { "line": 4, "column": 18 }
      },
      "4": {
        "start": { "line": 5, "column": 0 },
        "end": { "line": 5, "column": 28 }
      },
      "5": {
        "start": { "line": 6, "column": 0 },
        "end": { "line": 6, "column": 36 }
      },
      "6": {
        "start": { "line": 7, "column": 0 },
        "end": { "line": 7, "column": 14 }
      },
      "7": {
        "start": { "line": 8, "column": 0 },
        "end": { "line": 8, "column": 1 }
      },
      "8": {
        "start": { "line": 9, "column": 0 },
        "end": { "line": 9, "column": 0 }
      },
      "9": {
        "start": { "line": 10, "column": 0 },
        "end": { "line": 10, "column": 20 }
      },
      "10": {
        "start": { "line": 11, "column": 0 },
        "end": { "line": 11, "column": 36 }
      },
      "11": {
        "start": { "line": 12, "column": 0 },
        "end": { "line": 12, "column": 23 }
      },
      "12": {
        "start": { "line": 13, "column": 0 },
        "end": { "line": 13, "column": 4 }
      },
      "13": {
        "start": { "line": 14, "column": 0 },
        "end": { "line": 14, "column": 38 }
      },
      "14": {
        "start": { "line": 15, "column": 0 },
        "end": { "line": 15, "column": 25 }
      },
      "15": {
        "start": { "line": 16, "column": 0 },
        "end": { "line": 16, "column": 4 }
      },
      "16": {
        "start": { "line": 17, "column": 0 },
        "end": { "line": 17, "column": 43 }
      },
      "17": {
        "start": { "line": 18, "column": 0 },
        "end": { "line": 18, "column": 30 }
      },
      "18": {
        "start": { "line": 19, "column": 0 },
        "end": { "line": 19, "column": 4 }
      },
      "19": {
        "start": { "line": 20, "column": 0 },
        "end": { "line": 20, "column": 47 }
      },
      "20": {
        "start": { "line": 21, "column": 0 },
        "end": { "line": 21, "column": 34 }
      },
      "21": {
        "start": { "line": 22, "column": 0 },
        "end": { "line": 22, "column": 4 }
      },
      "22": {
        "start": { "line": 23, "column": 0 },
        "end": { "line": 23, "column": 36 }
      },
      "23": {
        "start": { "line": 24, "column": 0 },
        "end": { "line": 24, "column": 23 }
      },
      "24": {
        "start": { "line": 25, "column": 0 },
        "end": { "line": 25, "column": 4 }
      },
      "25": {
        "start": { "line": 26, "column": 0 },
        "end": { "line": 26, "column": 1 }
      },
      "26": {
        "start": { "line": 27, "column": 0 },
        "end": { "line": 27, "column": 0 }
      },
      "27": {
        "start": { "line": 28, "column": 0 },
        "end": { "line": 28, "column": 46 }
      },
      "28": {
        "start": { "line": 29, "column": 0 },
        "end": { "line": 29, "column": 0 }
      },
      "29": {
        "start": { "line": 30, "column": 0 },
        "end": { "line": 30, "column": 22 }
      },
      "30": {
        "start": { "line": 31, "column": 0 },
        "end": { "line": 31, "column": 24 }
      },
      "31": {
        "start": { "line": 32, "column": 0 },
        "end": { "line": 32, "column": 32 }
      },
      "32": {
        "start": { "line": 33, "column": 0 },
        "end": { "line": 33, "column": 22 }
      },
      "33": {
        "start": { "line": 34, "column": 0 },
        "end": { "line": 34, "column": 32 }
      },
      "34": {
        "start": { "line": 35, "column": 0 },
        "end": { "line": 35, "column": 33 }
      },
      "35": {
        "start": { "line": 36, "column": 0 },
        "end": { "line": 36, "column": 14 }
      },
      "36": {
        "start": { "line": 37, "column": 0 },
        "end": { "line": 37, "column": 0 }
      },
      "37": {
        "start": { "line": 38, "column": 0 },
        "end": { "line": 38, "column": 34 }
      },
      "38": {
        "start": { "line": 39, "column": 0 },
        "end": { "line": 39, "column": 35 }
      },
      "39": {
        "start": { "line": 40, "column": 0 },
        "end": { "line": 40, "column": 14 }
      },
      "40": {
        "start": { "line": 41, "column": 0 },
        "end": { "line": 41, "column": 0 }
      },
      "41": {
        "start": { "line": 42, "column": 0 },
        "end": { "line": 42, "column": 39 }
      },
      "42": {
        "start": { "line": 43, "column": 0 },
        "end": { "line": 43, "column": 40 }
      },
      "43": {
        "start": { "line": 44, "column": 0 },
        "end": { "line": 44, "column": 14 }
      },
      "44": {
        "start": { "line": 45, "column": 0 },
        "end": { "line": 45, "column": 0 }
      },
      "45": {
        "start": { "line": 46, "column": 0 },
        "end": { "line": 46, "column": 43 }
      },
      "46": {
        "start": { "line": 47, "column": 0 },
        "end": { "line": 47, "column": 44 }
      },
      "47": {
        "start": { "line": 48, "column": 0 },
        "end": { "line": 48, "column": 14 }
      },
      "48": {
        "start": { "line": 49, "column": 0 },
        "end": { "line": 49, "column": 0 }
      },
      "49": {
        "start": { "line": 50, "column": 0 },
        "end": { "line": 50, "column": 32 }
      },
      "50": {
        "start": { "line": 51, "column": 0 },
        "end": { "line": 51, "column": 33 }
      },
      "51": {
        "start": { "line": 52, "column": 0 },
        "end": { "line": 52, "column": 14 }
      },
      "52": {
        "start": { "line": 53, "column": 0 },
        "end": { "line": 53, "column": 14 }
      },
      "53": {
        "start": { "line": 54, "column": 0 },
        "end": { "line": 54, "column": 54 }
      },
      "54": {
        "start": { "line": 55, "column": 0 },
        "end": { "line": 55, "column": 5 }
      },
      "55": {
        "start": { "line": 56, "column": 0 },
        "end": { "line": 56, "column": 3 }
      },
      "56": {
        "start": { "line": 57, "column": 0 },
        "end": { "line": 57, "column": 1 }
      },
      "57": {
        "start": { "line": 58, "column": 0 },
        "end": { "line": 58, "column": 0 }
      },
      "58": {
        "start": { "line": 59, "column": 0 },
        "end": { "line": 59, "column": 66 }
      },
      "59": {
        "start": { "line": 60, "column": 0 },
        "end": { "line": 60, "column": 57 }
      },
      "60": {
        "start": { "line": 61, "column": 0 },
        "end": { "line": 61, "column": 67 }
      },
      "61": {
        "start": { "line": 62, "column": 0 },
        "end": { "line": 62, "column": 48 }
      },
      "62": {
        "start": { "line": 63, "column": 0 },
        "end": { "line": 63, "column": 45 }
      },
      "63": {
        "start": { "line": 64, "column": 0 },
        "end": { "line": 64, "column": 49 }
      },
      "64": {
        "start": { "line": 65, "column": 0 },
        "end": { "line": 65, "column": 2 }
      }
    },
    "s": {
      "0": 1,
      "1": 1,
      "2": 1,
      "3": 1,
      "4": 1,
      "5": 1,
      "6": 1,
      "7": 1,
      "8": 1,
      "9": 1,
      "10": 1,
      "11": 1,
      "12": 1,
      "13": 1,
      "14": 1,
      "15": 1,
      "16": 1,
      "17": 1,
      "18": 1,
      "19": 1,
      "20": 1,
      "21": 1,
      "22": 1,
      "23": 1,
      "24": 1,
      "25": 1,
      "26": 1,
      "27": 1,
      "28": 1,
      "29": 1,
      "30": 1,
      "31": 1,
      "32": 0,
      "33": 0,
      "34": 0,
      "35": 0,
      "36": 0,
      "37": 0,
      "38": 0,
      "39": 0,
      "40": 0,
      "41": 0,
      "42": 0,
      "43": 0,
      "44": 0,
      "45": 0,
      "46": 0,
      "47": 0,
      "48": 0,
      "49": 0,
      "50": 0,
      "51": 0,
      "52": 0,
      "53": 0,
      "54": 0,
      "55": 0,
      "56": 1,
      "57": 1,
      "58": 1,
      "59": 1,
      "60": 1,
      "61": 1,
      "62": 1,
      "63": 1,
      "64": 1
    },
    "branchMap": {
      "0": {
        "type": "branch",
        "line": 1,
        "loc": {
          "start": { "line": 1, "column": 13 },
          "end": { "line": 1, "column": 15 }
        },
        "locations": [
          {
            "start": { "line": 1, "column": 13 },
            "end": { "line": 1, "column": 15 }
          }
        ]
      },
      "1": {
        "type": "branch",
        "line": 10,
        "loc": {
          "start": { "line": 10, "column": 18 },
          "end": { "line": 25, "column": 4 }
        },
        "locations": [
          {
            "start": { "line": 10, "column": 18 },
            "end": { "line": 25, "column": 4 }
          }
        ]
      }
    },
    "b": { "0": [1], "1": [1] },
    "fnMap": {
      "0": {
        "name": "WeatherEnum_",
        "decl": {
          "start": { "line": 10, "column": 18 },
          "end": { "line": 25, "column": 4 }
        },
        "loc": {
          "start": { "line": 10, "column": 18 },
          "end": { "line": 25, "column": 4 }
        },
        "line": 10
      },
      "1": {
        "name": "Weather",
        "decl": {
          "start": { "line": 32, "column": 2 },
          "end": { "line": 56, "column": 3 }
        },
        "loc": {
          "start": { "line": 32, "column": 2 },
          "end": { "line": 56, "column": 3 }
        },
        "line": 32
      }
    },
    "f": { "0": 1, "1": 0 }
  },
  "/Users/gabrielguinterherter/Projects/combate-app/combate-app/CombateApp/test/mock/logger-mock.ts": {
    "path": "/Users/gabrielguinterherter/Projects/combate-app/combate-app/CombateApp/test/mock/logger-mock.ts",
    "all": false,
    "statementMap": {
      "0": {
        "start": { "line": 1, "column": 0 },
        "end": { "line": 1, "column": 67 }
      },
      "1": {
        "start": { "line": 2, "column": 0 },
        "end": { "line": 2, "column": 0 }
      },
      "2": {
        "start": { "line": 3, "column": 0 },
        "end": { "line": 3, "column": 44 }
      },
      "3": {
        "start": { "line": 4, "column": 0 },
        "end": { "line": 4, "column": 21 }
      },
      "4": {
        "start": { "line": 5, "column": 0 },
        "end": { "line": 5, "column": 21 }
      },
      "5": {
        "start": { "line": 6, "column": 0 },
        "end": { "line": 6, "column": 22 }
      },
      "6": {
        "start": { "line": 7, "column": 0 },
        "end": { "line": 7, "column": 18 }
      },
      "7": {
        "start": { "line": 8, "column": 0 },
        "end": { "line": 8, "column": 17 }
      },
      "8": {
        "start": { "line": 9, "column": 0 },
        "end": { "line": 9, "column": 24 }
      },
      "9": {
        "start": { "line": 10, "column": 0 },
        "end": { "line": 10, "column": 24 }
      },
      "10": {
        "start": { "line": 11, "column": 0 },
        "end": { "line": 11, "column": 25 }
      },
      "11": {
        "start": { "line": 12, "column": 0 },
        "end": { "line": 12, "column": 3 }
      },
      "12": {
        "start": { "line": 13, "column": 0 },
        "end": { "line": 13, "column": 0 }
      },
      "13": {
        "start": { "line": 14, "column": 0 },
        "end": { "line": 14, "column": 28 }
      },
      "14": {
        "start": { "line": 15, "column": 0 },
        "end": { "line": 15, "column": 22 }
      },
      "15": {
        "start": { "line": 16, "column": 0 },
        "end": { "line": 16, "column": 3 }
      },
      "16": {
        "start": { "line": 17, "column": 0 },
        "end": { "line": 17, "column": 28 }
      },
      "17": {
        "start": { "line": 18, "column": 0 },
        "end": { "line": 18, "column": 22 }
      },
      "18": {
        "start": { "line": 19, "column": 0 },
        "end": { "line": 19, "column": 3 }
      },
      "19": {
        "start": { "line": 20, "column": 0 },
        "end": { "line": 20, "column": 29 }
      },
      "20": {
        "start": { "line": 21, "column": 0 },
        "end": { "line": 21, "column": 23 }
      },
      "21": {
        "start": { "line": 22, "column": 0 },
        "end": { "line": 22, "column": 3 }
      },
      "22": {
        "start": { "line": 23, "column": 0 },
        "end": { "line": 23, "column": 1 }
      }
    },
    "s": {
      "0": 1,
      "1": 1,
      "2": 1,
      "3": 1,
      "4": 1,
      "5": 1,
      "6": 1,
      "7": 1,
      "8": 22,
      "9": 22,
      "10": 22,
      "11": 22,
      "12": 1,
      "13": 1,
      "14": 58,
      "15": 58,
      "16": 1,
      "17": 19,
      "18": 19,
      "19": 1,
      "20": 0,
      "21": 0,
      "22": 1
    },
    "branchMap": {
      "0": {
        "type": "branch",
        "line": 3,
        "loc": {
          "start": { "line": 3, "column": 23 },
          "end": { "line": 22, "column": 3 }
        },
        "locations": [
          {
            "start": { "line": 3, "column": 23 },
            "end": { "line": 22, "column": 3 }
          }
        ]
      },
      "1": {
        "type": "branch",
        "line": 7,
        "loc": {
          "start": { "line": 7, "column": 2 },
          "end": { "line": 7, "column": 18 }
        },
        "locations": [
          {
            "start": { "line": 7, "column": 2 },
            "end": { "line": 7, "column": 18 }
          }
        ]
      },
      "2": {
        "type": "branch",
        "line": 8,
        "loc": {
          "start": { "line": 8, "column": 2 },
          "end": { "line": 12, "column": 3 }
        },
        "locations": [
          {
            "start": { "line": 8, "column": 2 },
            "end": { "line": 12, "column": 3 }
          }
        ]
      },
      "3": {
        "type": "branch",
        "line": 14,
        "loc": {
          "start": { "line": 14, "column": 2 },
          "end": { "line": 16, "column": 3 }
        },
        "locations": [
          {
            "start": { "line": 14, "column": 2 },
            "end": { "line": 16, "column": 3 }
          }
        ]
      },
      "4": {
        "type": "branch",
        "line": 17,
        "loc": {
          "start": { "line": 17, "column": 2 },
          "end": { "line": 19, "column": 3 }
        },
        "locations": [
          {
            "start": { "line": 17, "column": 2 },
            "end": { "line": 19, "column": 3 }
          }
        ]
      }
    },
    "b": { "0": [1], "1": [1], "2": [22], "3": [58], "4": [19] },
    "fnMap": {
      "0": {
        "name": "LoggerMock",
        "decl": {
          "start": { "line": 7, "column": 2 },
          "end": { "line": 7, "column": 18 }
        },
        "loc": {
          "start": { "line": 7, "column": 2 },
          "end": { "line": 7, "column": 18 }
        },
        "line": 7
      },
      "1": {
        "name": "clear",
        "decl": {
          "start": { "line": 8, "column": 2 },
          "end": { "line": 12, "column": 3 }
        },
        "loc": {
          "start": { "line": 8, "column": 2 },
          "end": { "line": 12, "column": 3 }
        },
        "line": 8
      },
      "2": {
        "name": "info",
        "decl": {
          "start": { "line": 14, "column": 2 },
          "end": { "line": 16, "column": 3 }
        },
        "loc": {
          "start": { "line": 14, "column": 2 },
          "end": { "line": 16, "column": 3 }
        },
        "line": 14
      },
      "3": {
        "name": "warn",
        "decl": {
          "start": { "line": 17, "column": 2 },
          "end": { "line": 19, "column": 3 }
        },
        "loc": {
          "start": { "line": 17, "column": 2 },
          "end": { "line": 19, "column": 3 }
        },
        "line": 17
      },
      "4": {
        "name": "error",
        "decl": {
          "start": { "line": 20, "column": 2 },
          "end": { "line": 22, "column": 3 }
        },
        "loc": {
          "start": { "line": 20, "column": 2 },
          "end": { "line": 22, "column": 3 }
        },
        "line": 20
      }
    },
    "f": { "0": 1, "1": 22, "2": 58, "3": 19, "4": 0 }
  }
}
